<?xml version="1.0" encoding="UTF-8"?>
<testng-results ignored="0" total="2" passed="2" failed="0" skipped="0">
  <reporter-output>
    <line>
      <![CDATA[Sucess 200 validation]]>
    </line>
    <line>
      <![CDATA[{"data":{"id":2,"name":"fuchsia rose","year":2001,"color":"#C74375","pantone_value":"17-2031"},"support":{"url":"https://reqres.in/#support-heading","text":"To keep ReqRes free, contributions towards server costs are appreciated!"}}]]>
    </line>
    <line>
      <![CDATA[Sucess 200 validation]]>
    </line>
    <line>
      <![CDATA[{"data":{"id":2,"email":"janet.weaver@reqres.in","first_name":"Janet","last_name":"Weaver","avatar":"https://reqres.in/img/faces/2-image.jpg"},"support":{"url":"https://reqres.in/#support-heading","text":"To keep ReqRes free, contributions towards server costs are appreciated!"}}]]>
    </line>
  </reporter-output>
  <suite started-at="2022-03-17T23:13:06 COT" name="Default suite" finished-at="2022-03-17T23:13:08 COT" duration-ms="2305">
    <groups>
    </groups>
    <test started-at="2022-03-17T23:13:06 COT" name="Default test" finished-at="2022-03-17T23:13:08 COT" duration-ms="2305">
      <class name="com.unosquare.FirstAPITest">
        <test-method is-config="true" signature="beforeMethod()[pri:0, instance:com.unosquare.FirstAPITest@149e0f5d]" started-at="2022-03-17T23:13:06 COT" name="beforeMethod" finished-at="2022-03-17T23:13:06 COT" duration-ms="2" status="PASS">
          <reporter-output>
          </reporter-output>
        </test-method> <!-- beforeMethod -->
        <test-method signature="validateJSONBodyHTTPObjectColor()[pri:0, instance:com.unosquare.FirstAPITest@149e0f5d]" started-at="2022-03-17T23:13:06 COT" name="validateJSONBodyHTTPObjectColor" finished-at="2022-03-17T23:13:08 COT" duration-ms="2108" status="PASS">
          <reporter-output>
            <line>
              <![CDATA[Sucess 200 validation]]>
            </line>
            <line>
              <![CDATA[{"data":{"id":2,"name":"fuchsia rose","year":2001,"color":"#C74375","pantone_value":"17-2031"},"support":{"url":"https://reqres.in/#support-heading","text":"To keep ReqRes free, contributions towards server costs are appreciated!"}}]]>
            </line>
          </reporter-output>
        </test-method> <!-- validateJSONBodyHTTPObjectColor -->
        <test-method is-config="true" signature="beforeMethod()[pri:0, instance:com.unosquare.FirstAPITest@149e0f5d]" started-at="2022-03-17T23:13:08 COT" name="beforeMethod" finished-at="2022-03-17T23:13:08 COT" duration-ms="1" status="PASS">
          <reporter-output>
          </reporter-output>
        </test-method> <!-- beforeMethod -->
        <test-method signature="validateJSONBodyHTTPObjectUser()[pri:0, instance:com.unosquare.FirstAPITest@149e0f5d]" started-at="2022-03-17T23:13:08 COT" name="validateJSONBodyHTTPObjectUser" finished-at="2022-03-17T23:13:08 COT" duration-ms="165" status="PASS">
          <reporter-output>
            <line>
              <![CDATA[Sucess 200 validation]]>
            </line>
            <line>
              <![CDATA[{"data":{"id":2,"email":"janet.weaver@reqres.in","first_name":"Janet","last_name":"Weaver","avatar":"https://reqres.in/img/faces/2-image.jpg"},"support":{"url":"https://reqres.in/#support-heading","text":"To keep ReqRes free, contributions towards server costs are appreciated!"}}]]>
            </line>
          </reporter-output>
        </test-method> <!-- validateJSONBodyHTTPObjectUser -->
      </class> <!-- com.unosquare.FirstAPITest -->
    </test> <!-- Default test -->
  </suite> <!-- Default suite -->
</testng-results>
